<?xml version="1.0" encoding="windows-1252" standalone="no"?>
<!DOCTYPE log SYSTEM "logger.dtd">
<log>
<record>
  <date>2022-01-27T01:16:48.148854300Z</date>
  <millis>1643246208148</millis>
  <nanos>854300</nanos>
  <sequence>0</sequence>
  <logger>java.util.logging.Logger</logger>
  <level>INFO</level>
  <class>main.Logs</class>
  <method>info</method>
  <thread>1</thread>
  <message>============Program Started==============</message>
</record>
<record>
  <date>2022-01-27T01:16:48.657708500Z</date>
  <millis>1643246208657</millis>
  <nanos>708500</nanos>
  <sequence>1</sequence>
  <logger>java.util.logging.Logger</logger>
  <level>FINE</level>
  <class>main.Logs</class>
  <method>fine</method>
  <thread>1</thread>
  <message>Cities data were successfully loaded</message>
</record>
<record>
  <date>2022-01-27T01:16:52.756773700Z</date>
  <millis>1643246212756</millis>
  <nanos>773700</nanos>
  <sequence>2</sequence>
  <logger>java.util.logging.Logger</logger>
  <level>FINE</level>
  <class>main.Logs</class>
  <method>fine</method>
  <thread>18</thread>
  <message>Cities data were successfully stored</message>
</record>
<record>
  <date>2022-01-27T01:16:52.757793600Z</date>
  <millis>1643246212757</millis>
  <nanos>793600</nanos>
  <sequence>3</sequence>
  <logger>java.util.logging.Logger</logger>
  <level>INFO</level>
  <class>main.Logs</class>
  <method>info</method>
  <thread>18</thread>
  <message>============ Program Ended ==============</message>
</record>
</log>
